  main.cpp
C:\Users\lxy\Desktop\ttttt\SFML Essential Camera and view\Animator.hpp(111,56): warning C4267: “初始化”: 从“size_t”转换到“int”，可能丢失数据
C:\Users\lxy\Desktop\ttttt\SFML Essential Camera and view\TileMap.hpp(32,67): warning C4244: “参数”: 从“unsigned int”转换到“T”，可能丢失数据
          with
          [
              T=float
          ]
C:\Users\lxy\Desktop\ttttt\SFML Essential Camera and view\TileMap.hpp(32,51): warning C4244: “参数”: 从“unsigned int”转换到“T”，可能丢失数据
          with
          [
              T=float
          ]
C:\Users\lxy\Desktop\ttttt\SFML Essential Camera and view\TileMap.hpp(33,73): warning C4244: “参数”: 从“unsigned int”转换到“T”，可能丢失数据
          with
          [
              T=float
          ]
C:\Users\lxy\Desktop\ttttt\SFML Essential Camera and view\TileMap.hpp(33,57): warning C4244: “参数”: 从“unsigned int”转换到“T”，可能丢失数据
          with
          [
              T=float
          ]
C:\Users\lxy\Desktop\ttttt\SFML Essential Camera and view\TileMap.hpp(34,79): warning C4244: “参数”: 从“unsigned int”转换到“T”，可能丢失数据
          with
          [
              T=float
          ]
C:\Users\lxy\Desktop\ttttt\SFML Essential Camera and view\TileMap.hpp(34,57): warning C4244: “参数”: 从“unsigned int”转换到“T”，可能丢失数据
          with
          [
              T=float
          ]
C:\Users\lxy\Desktop\ttttt\SFML Essential Camera and view\TileMap.hpp(35,73): warning C4244: “参数”: 从“unsigned int”转换到“T”，可能丢失数据
          with
          [
              T=float
          ]
C:\Users\lxy\Desktop\ttttt\SFML Essential Camera and view\TileMap.hpp(35,51): warning C4244: “参数”: 从“unsigned int”转换到“T”，可能丢失数据
          with
          [
              T=float
          ]
C:\Users\lxy\Desktop\ttttt\SFML Essential Camera and view\TileMap.hpp(38,70): warning C4244: “参数”: 从“T”转换到“T”，可能丢失数据
          with
          [
              T=unsigned int
          ]
          and
          [
              T=float
          ]
C:\Users\lxy\Desktop\ttttt\SFML Essential Camera and view\TileMap.hpp(38,53): warning C4244: “参数”: 从“T”转换到“T”，可能丢失数据
          with
          [
              T=unsigned int
          ]
          and
          [
              T=float
          ]
C:\Users\lxy\Desktop\ttttt\SFML Essential Camera and view\TileMap.hpp(39,76): warning C4244: “参数”: 从“T”转换到“T”，可能丢失数据
          with
          [
              T=unsigned int
          ]
          and
          [
              T=float
          ]
C:\Users\lxy\Desktop\ttttt\SFML Essential Camera and view\TileMap.hpp(39,59): warning C4244: “参数”: 从“T”转换到“T”，可能丢失数据
          with
          [
              T=unsigned int
          ]
          and
          [
              T=float
          ]
C:\Users\lxy\Desktop\ttttt\SFML Essential Camera and view\TileMap.hpp(40,82): warning C4244: “参数”: 从“T”转换到“T”，可能丢失数据
          with
          [
              T=unsigned int
          ]
          and
          [
              T=float
          ]
C:\Users\lxy\Desktop\ttttt\SFML Essential Camera and view\TileMap.hpp(40,59): warning C4244: “参数”: 从“T”转换到“T”，可能丢失数据
          with
          [
              T=unsigned int
          ]
          and
          [
              T=float
          ]
C:\Users\lxy\Desktop\ttttt\SFML Essential Camera and view\TileMap.hpp(41,76): warning C4244: “参数”: 从“T”转换到“T”，可能丢失数据
          with
          [
              T=unsigned int
          ]
          and
          [
              T=float
          ]
C:\Users\lxy\Desktop\ttttt\SFML Essential Camera and view\TileMap.hpp(41,53): warning C4244: “参数”: 从“T”转换到“T”，可能丢失数据
          with
          [
              T=unsigned int
          ]
          and
          [
              T=float
          ]
C:\Users\lxy\Desktop\ttttt\SFML Essential Camera and view\main.cpp(254,50): warning C4244: “参数”: 从“T”转换到“T”，可能丢失数据
          with
          [
              T=unsigned int
          ]
          and
          [
              T=float
          ]
C:\Users\lxy\Desktop\ttttt\SFML Essential Camera and view\main.cpp(254,41): warning C4244: “参数”: 从“T”转换到“T”，可能丢失数据
          with
          [
              T=unsigned int
          ]
          and
          [
              T=float
          ]
C:\Users\lxy\Desktop\ttttt\SFML Essential Camera and view\main.cpp(257,39): warning C4244: “参数”: 从“unsigned int”转换到“T”，可能丢失数据
          with
          [
              T=float
          ]
C:\Users\lxy\Desktop\ttttt\SFML Essential Camera and view\main.cpp(257,30): warning C4244: “参数”: 从“unsigned int”转换到“T”，可能丢失数据
          with
          [
              T=float
          ]
C:\Users\lxy\Desktop\ttttt\SFML Essential Camera and view\main.cpp(263,66): warning C4244: “参数”: 从“T”转换到“T”，可能丢失数据
          with
          [
              T=float
          ]
          and
          [
              T=int
          ]
C:\Users\lxy\Desktop\ttttt\SFML Essential Camera and view\main.cpp(263,52): warning C4244: “参数”: 从“T”转换到“T”，可能丢失数据
          with
          [
              T=float
          ]
          and
          [
              T=int
          ]
C:\Users\lxy\Desktop\ttttt\SFML Essential Camera and view\main.cpp(308,51): warning C4244: “参数”: 从“unsigned int”转换到“T”，可能丢失数据
          with
          [
              T=float
          ]
C:\Users\lxy\Desktop\ttttt\SFML Essential Camera and view\main.cpp(308,32): warning C4244: “参数”: 从“unsigned int”转换到“T”，可能丢失数据
          with
          [
              T=float
          ]
C:\Users\lxy\Desktop\ttttt\SFML Essential Camera and view\main.cpp(313,51): warning C4244: “参数”: 从“unsigned int”转换到“T”，可能丢失数据
          with
          [
              T=float
          ]
C:\Users\lxy\Desktop\ttttt\SFML Essential Camera and view\main.cpp(313,32): warning C4244: “参数”: 从“unsigned int”转换到“T”，可能丢失数据
          with
          [
              T=float
          ]
C:\Users\lxy\Desktop\ttttt\SFML Essential Camera and view\main.cpp(318,47): warning C4244: “参数”: 从“unsigned int”转换到“T”，可能丢失数据
          with
          [
              T=float
          ]
C:\Users\lxy\Desktop\ttttt\SFML Essential Camera and view\main.cpp(318,41): warning C4244: “参数”: 从“unsigned int”转换到“T”，可能丢失数据
          with
          [
              T=float
          ]
C:\Users\lxy\Desktop\ttttt\SFML Essential Camera and view\main.cpp(323,47): warning C4244: “参数”: 从“unsigned int”转换到“T”，可能丢失数据
          with
          [
              T=float
          ]
C:\Users\lxy\Desktop\ttttt\SFML Essential Camera and view\main.cpp(323,41): warning C4244: “参数”: 从“unsigned int”转换到“T”，可能丢失数据
          with
          [
              T=float
          ]
  SFML Essential Camera and view.vcxproj -> C:\Users\lxy\Desktop\ttttt\SFML Essential Camera and view\x64\Debug\SFML Essential Camera and view.exe
