  main.cpp
main.obj : error LNK2019: 无法解析的外部符号 "__declspec(dllimport) public: __thiscall sf::Time::Time(void)" (__imp_??0Time@sf@@QAE@XZ)，函数 "public: __thiscall Animator::Animator(class sf::Sprite &)" (??0Animator@@QAE@AAVSprite@sf@@@Z) 中引用了该符号
main.obj : error LNK2019: 无法解析的外部符号 "__declspec(dllimport) public: float __thiscall sf::Time::asSeconds(void)const " (__imp_?asSeconds@Time@sf@@QBEMXZ)，函数 "public: void __thiscall Animator::Update(class sf::Time const &)" (?Update@Animator@@QAEXABVTime@sf@@@Z) 中引用了该符号
main.obj : error LNK2019: 无法解析的外部符号 "__declspec(dllimport) class sf::Time __cdecl sf::seconds(float)" (__imp_?seconds@sf@@YA?AVTime@1@M@Z)，函数 _main 中引用了该符号
main.obj : error LNK2019: 无法解析的外部符号 "__declspec(dllimport) class sf::Time & __cdecl sf::operator+=(class sf::Time &,class sf::Time)" (__imp_??Ysf@@YAAAVTime@0@AAV10@V10@@Z)，函数 "public: void __thiscall Animator::Update(class sf::Time const &)" (?Update@Animator@@QAEXABVTime@sf@@@Z) 中引用了该符号
main.obj : error LNK2019: 无法解析的外部符号 "__declspec(dllimport) public: __thiscall sf::Clock::Clock(void)" (__imp_??0Clock@sf@@QAE@XZ)，函数 _main 中引用了该符号
main.obj : error LNK2019: 无法解析的外部符号 "__declspec(dllimport) public: class sf::Time __thiscall sf::Clock::restart(void)" (__imp_?restart@Clock@sf@@QAE?AVTime@2@XZ)，函数 _main 中引用了该符号
main.obj : error LNK2019: 无法解析的外部符号 "__declspec(dllimport) public: __thiscall sf::String::String(char const *,class std::locale const &)" (__imp_??0String@sf@@QAE@PBDABVlocale@std@@@Z)，函数 _main 中引用了该符号
main.obj : error LNK2019: 无法解析的外部符号 "__declspec(dllimport) public: __thiscall sf::String::~String(void)" (__imp_??1String@sf@@QAE@XZ)，函数 _main 中引用了该符号
main.obj : error LNK2019: 无法解析的外部符号 "__declspec(dllimport) public: __thiscall sf::VideoMode::VideoMode(unsigned int,unsigned int,unsigned int)" (__imp_??0VideoMode@sf@@QAE@III@Z)，函数 _main 中引用了该符号
main.obj : error LNK2019: 无法解析的外部符号 "__declspec(dllimport) public: void __thiscall sf::Window::close(void)" (__imp_?close@Window@sf@@QAEXXZ)，函数 _main 中引用了该符号
main.obj : error LNK2019: 无法解析的外部符号 "__declspec(dllimport) public: bool __thiscall sf::Window::isOpen(void)const " (__imp_?isOpen@Window@sf@@QBE_NXZ)，函数 _main 中引用了该符号
main.obj : error LNK2019: 无法解析的外部符号 "__declspec(dllimport) public: bool __thiscall sf::Window::pollEvent(class sf::Event &)" (__imp_?pollEvent@Window@sf@@QAE_NAAVEvent@2@@Z)，函数 _main 中引用了该符号
main.obj : error LNK2019: 无法解析的外部符号 "__declspec(dllimport) public: void __thiscall sf::Window::display(void)" (__imp_?display@Window@sf@@QAEXXZ)，函数 _main 中引用了该符号
main.obj : error LNK2019: 无法解析的外部符号 "__declspec(dllimport) public: void __thiscall sf::Transformable::setPosition(float,float)" (__imp_?setPosition@Transformable@sf@@QAEXMM@Z)，函数 _main 中引用了该符号
main.obj : error LNK2019: 无法解析的外部符号 "__declspec(dllimport) public: void __thiscall sf::Transformable::setOrigin(float,float)" (__imp_?setOrigin@Transformable@sf@@QAEXMM@Z)，函数 _main 中引用了该符号
main.obj : error LNK2019: 无法解析的外部符号 "__declspec(dllimport) public: __thiscall sf::Color::Color(unsigned char,unsigned char,unsigned char,unsigned char)" (__imp_??0Color@sf@@QAE@EEEE@Z)，函数 _main 中引用了该符号
main.obj : error LNK2019: 无法解析的外部符号 "__declspec(dllimport) public: __thiscall sf::Texture::Texture(void)" (__imp_??0Texture@sf@@QAE@XZ)，函数 "public: __thiscall std::pair<class std::basic_string<char,struct std::char_traits<char>,class std::allocator<char> > const ,class sf::Texture>::pair<class std::basic_string<char,struct std::char_traits<char>,class std::allocator<char> > const ,class sf::Texture><class std::tuple<class std::basic_string<char,struct std::char_traits<char>,class std::allocator<char> > const &>,class std::tuple<>,0>(class std::tuple<class std::basic_string<char,struct std::char_traits<char>,class std::allocator<char> > const &> &,class std::tuple<> &,struct std::integer_sequence<unsigned int,0>,struct std::integer_sequence<unsigned int>)" (??$?0V?$tuple@ABV?$basic_string@DU?$char_traits@D@std@@V?$allocator@D@2@@std@@@std@@V?$tuple@$$V@1@$0A@$$Z$S@?$pair@$$CBV?$basic_string@DU?$char_traits@D@std@@V?$allocator@D@2@@std@@VTexture@sf@@@std@@QAE@AAV?$tuple@ABV?$basic_string@DU?$char_traits@D@std@@V?$allocator@D@2@@std@@@1@AAV?$tuple@$$V@1@U?$integer_sequence@I$0A@@1@U?$integer_sequence@I$S@1@@Z) 中引用了该符号
main.obj : error LNK2019: 无法解析的外部符号 "__declspec(dllimport) public: __thiscall sf::Texture::~Texture(void)" (__imp_??1Texture@sf@@QAE@XZ)，函数 "public: __thiscall std::pair<class std::basic_string<char,struct std::char_traits<char>,class std::allocator<char> > const ,class sf::Texture>::~pair<class std::basic_string<char,struct std::char_traits<char>,class std::allocator<char> > const ,class sf::Texture>(void)" (??1?$pair@$$CBV?$basic_string@DU?$char_traits@D@std@@V?$allocator@D@2@@std@@VTexture@sf@@@std@@QAE@XZ) 中引用了该符号
main.obj : error LNK2019: 无法解析的外部符号 "__declspec(dllimport) public: bool __thiscall sf::Texture::loadFromFile(class std::basic_string<char,struct std::char_traits<char>,class std::allocator<char> > const &,class sf::Rect<int> const &)" (__imp_?loadFromFile@Texture@sf@@QAE_NABV?$basic_string@DU?$char_traits@D@std@@V?$allocator@D@2@@std@@ABV?$Rect@H@2@@Z)，函数 "public: static class sf::Texture & __cdecl AssetManager::GetTexture(class std::basic_string<char,struct std::char_traits<char>,class std::allocator<char> > const &)" (?GetTexture@AssetManager@@SAAAVTexture@sf@@ABV?$basic_string@DU?$char_traits@D@std@@V?$allocator@D@2@@std@@@Z) 中引用了该符号
main.obj : error LNK2019: 无法解析的外部符号 "__declspec(dllimport) public: void __thiscall sf::RenderTarget::clear(class sf::Color const &)" (__imp_?clear@RenderTarget@sf@@QAEXABVColor@2@@Z)，函数 _main 中引用了该符号
main.obj : error LNK2019: 无法解析的外部符号 "__declspec(dllimport) public: void __thiscall sf::RenderTarget::draw(class sf::Drawable const &,class sf::RenderStates const &)" (__imp_?draw@RenderTarget@sf@@QAEXABVDrawable@2@ABVRenderStates@2@@Z)，函数 _main 中引用了该符号
main.obj : error LNK2019: 无法解析的外部符号 "__declspec(dllimport) public: __thiscall sf::RenderWindow::RenderWindow(class sf::VideoMode,class sf::String const &,unsigned int,struct sf::ContextSettings const &)" (__imp_??0RenderWindow@sf@@QAE@VVideoMode@1@ABVString@1@IABUContextSettings@1@@Z)，函数 _main 中引用了该符号
main.obj : error LNK2019: 无法解析的外部符号 "__declspec(dllimport) public: virtual __thiscall sf::RenderWindow::~RenderWindow(void)" (__imp_??1RenderWindow@sf@@UAE@XZ)，函数 _main 中引用了该符号
main.obj : error LNK2019: 无法解析的外部符号 "__declspec(dllimport) public: __thiscall sf::Sprite::Sprite(void)" (__imp_??0Sprite@sf@@QAE@XZ)，函数 _main 中引用了该符号
main.obj : error LNK2019: 无法解析的外部符号 "__declspec(dllimport) public: void __thiscall sf::Sprite::setTexture(class sf::Texture const &,bool)" (__imp_?setTexture@Sprite@sf@@QAEXABVTexture@2@_N@Z)，函数 "private: void __thiscall Animator::SwitchAnimation(struct Animator::Animation *)" (?SwitchAnimation@Animator@@AAEXPAUAnimation@1@@Z) 中引用了该符号
main.obj : error LNK2019: 无法解析的外部符号 "__declspec(dllimport) public: void __thiscall sf::Sprite::setTextureRect(class sf::Rect<int> const &)" (__imp_?setTextureRect@Sprite@sf@@QAEXABV?$Rect@H@2@@Z)，函数 "public: void __thiscall Animator::Update(class sf::Time const &)" (?Update@Animator@@QAEXABVTime@sf@@@Z) 中引用了该符号
main.obj : error LNK2019: 无法解析的外部符号 "__declspec(dllimport) public: virtual __thiscall sf::Sprite::~Sprite(void)" (__imp_??1Sprite@sf@@UAE@XZ)，函数 _main 中引用了该符号
main.obj : error LNK2019: 无法解析的外部符号 "__declspec(dllimport) public: static class sf::Time const sf::Time::Zero" (__imp_?Zero@Time@sf@@2V12@B)，函数 "private: void __thiscall Animator::SwitchAnimation(struct Animator::Animation *)" (?SwitchAnimation@Animator@@AAEXPAUAnimation@1@@Z) 中引用了该符号
main.obj : error LNK2019: 无法解析的外部符号 "__declspec(dllimport) public: static class sf::RenderStates const sf::RenderStates::Default" (__imp_?Default@RenderStates@sf@@2V12@B)，函数 _main 中引用了该符号
D:\C++library\SFML-2.5.1\lib\sfml-graphics-d.lib : warning LNK4272: 库计算机类型“x64”与目标计算机类型“x86”冲突
D:\C++library\SFML-2.5.1\lib\sfml-window-d.lib : warning LNK4272: 库计算机类型“x64”与目标计算机类型“x86”冲突
D:\C++library\SFML-2.5.1\lib\sfml-system-d.lib : warning LNK4272: 库计算机类型“x64”与目标计算机类型“x86”冲突
D:\C++library\SFML-2.5.1\lib\sfml-audio-d.lib : warning LNK4272: 库计算机类型“x64”与目标计算机类型“x86”冲突
D:\C++library\SFML-2.5.1\lib\sfml-network-d.lib : warning LNK4272: 库计算机类型“x64”与目标计算机类型“x86”冲突
C:\Users\lxy\Desktop\ttttt\SFML Essential Animator\Debug\SFML Essential Animator.exe : fatal error LNK1120: 29 个无法解析的外部命令
